{"name":"Runs Cucumber Feature","status":"broken","statusDetails":{"known":false,"muted":false,"flaky":false,"message":"java.lang.AssertionError: Unable to wait and click on the WebElement, using locator: <[[ChromeDriver: chrome on MAC (8136e2cd29e935dea078f00d3ea2e42a)] -> xpath: //select[@name='party:j_id108:j_id116']]>","trace":"cucumber.runtime.CucumberException: java.lang.AssertionError: Unable to wait and click on the WebElement, using locator: <[[ChromeDriver: chrome on MAC (8136e2cd29e935dea078f00d3ea2e42a)] -> xpath: //select[@name='party:j_id108:j_id116']]>\n\tat cucumber.api.testng.TestNGCucumberRunner.runCucumber(TestNGCucumberRunner.java:69)\n\tat cucumber.api.testng.AbstractTestNGCucumberTests.feature(AbstractTestNGCucumberTests.java:21)\n\tat sun.reflect.NativeMethodAccessorImpl.invoke0(Native Method)\n\tat sun.reflect.NativeMethodAccessorImpl.invoke(NativeMethodAccessorImpl.java:62)\n\tat sun.reflect.DelegatingMethodAccessorImpl.invoke(DelegatingMethodAccessorImpl.java:43)\n\tat java.lang.reflect.Method.invoke(Method.java:498)\n\tat org.testng.internal.MethodInvocationHelper.invokeMethod(MethodInvocationHelper.java:80)\n\tat org.testng.internal.Invoker.invokeMethod(Invoker.java:714)\n\tat org.testng.internal.Invoker.invokeTestMethod(Invoker.java:901)\n\tat org.testng.internal.Invoker.invokeTestMethods(Invoker.java:1231)\n\tat org.testng.internal.TestMethodWorker.invokeTestMethods(TestMethodWorker.java:127)\n\tat org.testng.internal.TestMethodWorker.run(TestMethodWorker.java:111)\n\tat org.testng.TestRunner.privateRun(TestRunner.java:767)\n\tat org.testng.TestRunner.run(TestRunner.java:617)\n\tat org.testng.SuiteRunner.runTest(SuiteRunner.java:334)\n\tat org.testng.SuiteRunner.runSequentially(SuiteRunner.java:329)\n\tat org.testng.SuiteRunner.privateRun(SuiteRunner.java:291)\n\tat org.testng.SuiteRunner.run(SuiteRunner.java:240)\n\tat org.testng.SuiteRunnerWorker.runSuite(SuiteRunnerWorker.java:52)\n\tat org.testng.SuiteRunnerWorker.run(SuiteRunnerWorker.java:86)\n\tat org.testng.TestNG.runSuitesSequentially(TestNG.java:1198)\n\tat org.testng.TestNG.runSuitesLocally(TestNG.java:1123)\n\tat org.testng.TestNG.run(TestNG.java:1031)\n\tat org.apache.maven.surefire.testng.TestNGExecutor.run(TestNGExecutor.java:281)\n\tat org.apache.maven.surefire.testng.TestNGXmlTestSuite.execute(TestNGXmlTestSuite.java:75)\n\tat org.apache.maven.surefire.testng.TestNGProvider.invoke(TestNGProvider.java:121)\n\tat org.apache.maven.surefire.booter.ForkedBooter.invokeProviderInSameClassLoader(ForkedBooter.java:290)\n\tat org.apache.maven.surefire.booter.ForkedBooter.runSuitesInProcess(ForkedBooter.java:242)\n\tat org.apache.maven.surefire.booter.ForkedBooter.main(ForkedBooter.java:121)\nCaused by: java.lang.AssertionError: Unable to wait and click on the WebElement, using locator: <[[ChromeDriver: chrome on MAC (8136e2cd29e935dea078f00d3ea2e42a)] -> xpath: //select[@name='party:j_id108:j_id116']]>\n\tat org.testng.Assert.fail(Assert.java:94)\n\tat DriverMaster.MasterWebDriver.waitAndClickElementByXpath(MasterWebDriver.java:250)\n\tat CapsuleCRMPageObjects.PeopleAndOrganizationsPage.addNewPersonWithFullInfo(PeopleAndOrganizationsPage.java:48)\n\tat Steps.CapsuleCRMChallange_Steps.execute_Naveen_Automationlabs_TestCases(CapsuleCRMChallange_Steps.java:79)\n\tat âœ½.Then I execute \"Testcase 1\"(CapsuleCRMFeatures/TechTekPracticeChallenge/TestCases.feature:36)\n"},"stage":"finished","steps":[],"attachments":[],"parameters":[{"name":"accountStatus","value":"ACTIVE"},{"name":"runLocal","value":"true"},{"name":"arg0","value":"CapsuleCRM Test Cases"},{"name":"osType","value":"mac"},{"name":"useGrid","value":"false"},{"name":"useAWS","value":"false"},{"name":"useSauceLabs","value":"false"},{"name":"browserType","value":"chrome"}],"start":1563577828404,"stop":1563577854364,"uuid":"0e9295fc-ede0-47c7-85ed-d8c266b54550","historyId":"465fc933348a969bf9c4869a0c4d8e1b","fullName":"cucumber.api.testng.AbstractTestNGCucumberTests.feature","labels":[{"name":"package","value":"Runners.Runner"},{"name":"testClass","value":"Runners.Runner"},{"name":"testMethod","value":"feature"},{"name":"parentSuite","value":"Regression Suite"},{"name":"suite","value":"ACTIVE Account"},{"name":"subSuite","value":"Runners.Runner"},{"name":"host","value":"Samis-MacBook-Pro.local"},{"name":"thread","value":"4626@Samis-MacBook-Pro.local.main(1)"},{"name":"framework","value":"testng"},{"name":"language","value":"java"}],"links":[]}