{"name":"Runs Cucumber Feature","status":"broken","statusDetails":{"known":false,"muted":false,"flaky":false,"message":"java.io.IOException: No such file or directory","trace":"cucumber.runtime.CucumberException: java.io.IOException: No such file or directory\n\tat cucumber.api.testng.TestNGCucumberRunner.runCucumber(TestNGCucumberRunner.java:69)\n\tat cucumber.api.testng.AbstractTestNGCucumberTests.feature(AbstractTestNGCucumberTests.java:21)\n\tat sun.reflect.NativeMethodAccessorImpl.invoke0(Native Method)\n\tat sun.reflect.NativeMethodAccessorImpl.invoke(NativeMethodAccessorImpl.java:62)\n\tat sun.reflect.DelegatingMethodAccessorImpl.invoke(DelegatingMethodAccessorImpl.java:43)\n\tat java.lang.reflect.Method.invoke(Method.java:498)\n\tat org.testng.internal.MethodInvocationHelper.invokeMethod(MethodInvocationHelper.java:80)\n\tat org.testng.internal.Invoker.invokeMethod(Invoker.java:714)\n\tat org.testng.internal.Invoker.invokeTestMethod(Invoker.java:901)\n\tat org.testng.internal.Invoker.invokeTestMethods(Invoker.java:1231)\n\tat org.testng.internal.TestMethodWorker.invokeTestMethods(TestMethodWorker.java:127)\n\tat org.testng.internal.TestMethodWorker.run(TestMethodWorker.java:111)\n\tat org.testng.TestRunner.privateRun(TestRunner.java:767)\n\tat org.testng.TestRunner.run(TestRunner.java:617)\n\tat org.testng.SuiteRunner.runTest(SuiteRunner.java:334)\n\tat org.testng.SuiteRunner.runSequentially(SuiteRunner.java:329)\n\tat org.testng.SuiteRunner.privateRun(SuiteRunner.java:291)\n\tat org.testng.SuiteRunner.run(SuiteRunner.java:240)\n\tat org.testng.SuiteRunnerWorker.runSuite(SuiteRunnerWorker.java:52)\n\tat org.testng.SuiteRunnerWorker.run(SuiteRunnerWorker.java:86)\n\tat org.testng.TestNG.runSuitesSequentially(TestNG.java:1198)\n\tat org.testng.TestNG.runSuitesLocally(TestNG.java:1123)\n\tat org.testng.TestNG.run(TestNG.java:1031)\n\tat org.apache.maven.surefire.testng.TestNGExecutor.run(TestNGExecutor.java:281)\n\tat org.apache.maven.surefire.testng.TestNGXmlTestSuite.execute(TestNGXmlTestSuite.java:75)\n\tat org.apache.maven.surefire.testng.TestNGProvider.invoke(TestNGProvider.java:121)\n\tat org.apache.maven.surefire.booter.ForkedBooter.invokeProviderInSameClassLoader(ForkedBooter.java:290)\n\tat org.apache.maven.surefire.booter.ForkedBooter.runSuitesInProcess(ForkedBooter.java:242)\n\tat org.apache.maven.surefire.booter.ForkedBooter.main(ForkedBooter.java:121)\nCaused by: java.io.IOException: No such file or directory\n\tat java.io.UnixFileSystem.createFileExclusively(Native Method)\n\tat java.io.File.createNewFile(File.java:1012)\n\tat Lib.Lib.logWriter1(Lib.java:799)\n\tat Services.Login_Reqres.successfulLogin_Reqres(Login_Reqres.java:122)\n\tat Steps.Login_ReqresSteps.execute_sucessful_Login(Login_ReqresSteps.java:28)\n\tat âœ½.Then execute successful login \"SuccessfulLogin\"(ReqresFeatures/Login/Login.feature:12)\n"},"stage":"finished","steps":[],"attachments":[],"parameters":[{"name":"accountStatus","value":"ACTIVE"},{"name":"runLocal","value":"true"},{"name":"arg0","value":"login feature"},{"name":"osType","value":"mac"},{"name":"useGrid","value":"false"},{"name":"useAWS","value":"false"},{"name":"useSauceLabs","value":"false"},{"name":"browserType","value":"chrome"}],"start":1562983464055,"stop":1562983465709,"uuid":"5e0e4795-5014-49a5-a228-ae23e8f2c208","historyId":"d64476864490f9dcdbca4b6743607040","fullName":"cucumber.api.testng.AbstractTestNGCucumberTests.feature","labels":[{"name":"package","value":"Runners.Runner"},{"name":"testClass","value":"Runners.Runner"},{"name":"testMethod","value":"feature"},{"name":"parentSuite","value":"Regression Suite"},{"name":"suite","value":"Regres"},{"name":"subSuite","value":"Runners.Runner"},{"name":"host","value":"Samis-MacBook-Pro.local"},{"name":"thread","value":"27347@Samis-MacBook-Pro.local.main(1)"},{"name":"framework","value":"testng"},{"name":"language","value":"java"}],"links":[]}