{"name":"Runs Cucumber Feature","status":"broken","statusDetails":{"known":false,"muted":false,"flaky":false,"message":"cucumber.runtime.CucumberException: Arity mismatch: Step Definition 'Steps.Registration_ParabankSteps.userFillsOutRegistrationForm(String) in file:/Users/sami/Desktop/eclipse-workspace2k19/TechTekFramework7-5-19/target/test-classes/' with pattern [^user fills out the registration form$] is declared with 1 parameters. However, the gherkin step has 0 arguments []. \nStep: Given user fills out the registration form","trace":"cucumber.runtime.CucumberException: cucumber.runtime.CucumberException: Arity mismatch: Step Definition 'Steps.Registration_ParabankSteps.userFillsOutRegistrationForm(String) in file:/Users/sami/Desktop/eclipse-workspace2k19/TechTekFramework7-5-19/target/test-classes/' with pattern [^user fills out the registration form$] is declared with 1 parameters. However, the gherkin step has 0 arguments []. \nStep: Given user fills out the registration form\n\tat cucumber.api.testng.TestNGCucumberRunner.runCucumber(TestNGCucumberRunner.java:69)\n\tat cucumber.api.testng.AbstractTestNGCucumberTests.feature(AbstractTestNGCucumberTests.java:21)\n\tat sun.reflect.NativeMethodAccessorImpl.invoke0(Native Method)\n\tat sun.reflect.NativeMethodAccessorImpl.invoke(NativeMethodAccessorImpl.java:62)\n\tat sun.reflect.DelegatingMethodAccessorImpl.invoke(DelegatingMethodAccessorImpl.java:43)\n\tat java.lang.reflect.Method.invoke(Method.java:498)\n\tat org.testng.internal.MethodInvocationHelper.invokeMethod(MethodInvocationHelper.java:80)\n\tat org.testng.internal.Invoker.invokeMethod(Invoker.java:714)\n\tat org.testng.internal.Invoker.invokeTestMethod(Invoker.java:901)\n\tat org.testng.internal.Invoker.invokeTestMethods(Invoker.java:1231)\n\tat org.testng.internal.TestMethodWorker.invokeTestMethods(TestMethodWorker.java:127)\n\tat org.testng.internal.TestMethodWorker.run(TestMethodWorker.java:111)\n\tat org.testng.TestRunner.privateRun(TestRunner.java:767)\n\tat org.testng.TestRunner.run(TestRunner.java:617)\n\tat org.testng.SuiteRunner.runTest(SuiteRunner.java:334)\n\tat org.testng.SuiteRunner.runSequentially(SuiteRunner.java:329)\n\tat org.testng.SuiteRunner.privateRun(SuiteRunner.java:291)\n\tat org.testng.SuiteRunner.run(SuiteRunner.java:240)\n\tat org.testng.SuiteRunnerWorker.runSuite(SuiteRunnerWorker.java:52)\n\tat org.testng.SuiteRunnerWorker.run(SuiteRunnerWorker.java:86)\n\tat org.testng.TestNG.runSuitesSequentially(TestNG.java:1198)\n\tat org.testng.TestNG.runSuitesLocally(TestNG.java:1123)\n\tat org.testng.TestNG.run(TestNG.java:1031)\n\tat org.apache.maven.surefire.testng.TestNGExecutor.run(TestNGExecutor.java:281)\n\tat org.apache.maven.surefire.testng.TestNGXmlTestSuite.execute(TestNGXmlTestSuite.java:75)\n\tat org.apache.maven.surefire.testng.TestNGProvider.invoke(TestNGProvider.java:121)\n\tat org.apache.maven.surefire.booter.ForkedBooter.invokeProviderInSameClassLoader(ForkedBooter.java:290)\n\tat org.apache.maven.surefire.booter.ForkedBooter.runSuitesInProcess(ForkedBooter.java:242)\n\tat org.apache.maven.surefire.booter.ForkedBooter.main(ForkedBooter.java:121)\nCaused by: cucumber.runtime.CucumberException: Arity mismatch: Step Definition 'Steps.Registration_ParabankSteps.userFillsOutRegistrationForm(String) in file:/Users/sami/Desktop/eclipse-workspace2k19/TechTekFramework7-5-19/target/test-classes/' with pattern [^user fills out the registration form$] is declared with 1 parameters. However, the gherkin step has 0 arguments []. \nStep: Given user fills out the registration form\n\tat cucumber.runtime.StepDefinitionMatch.arityMismatch(StepDefinitionMatch.java:102)\n\tat cucumber.runtime.StepDefinitionMatch.transformedArgs(StepDefinitionMatch.java:60)\n\tat cucumber.runtime.StepDefinitionMatch.runStep(StepDefinitionMatch.java:37)\n\tat cucumber.runtime.Runtime.runStep(Runtime.java:300)\n\tat cucumber.runtime.model.StepContainer.runStep(StepContainer.java:44)\n\tat cucumber.runtime.model.StepContainer.runSteps(StepContainer.java:39)\n\tat cucumber.runtime.model.CucumberScenario.run(CucumberScenario.java:44)\n\tat cucumber.runtime.model.CucumberScenarioOutline.run(CucumberScenarioOutline.java:46)\n\tat cucumber.runtime.model.CucumberFeature.run(CucumberFeature.java:165)\n\tat cucumber.api.testng.TestNGCucumberRunner.runCucumber(TestNGCucumberRunner.java:63)\n\t... 28 more\n"},"stage":"finished","steps":[],"attachments":[],"parameters":[{"name":"accountStatus","value":"ACTIVE"},{"name":"runLocal","value":"true"},{"name":"arg0","value":"A user can register to create a new account"},{"name":"osType","value":"mac"},{"name":"useGrid","value":"false"},{"name":"useAWS","value":"false"},{"name":"useSauceLabs","value":"false"},{"name":"browserType","value":"chrome"}],"start":1562897741692,"stop":1562897741869,"uuid":"ef7b309c-4fa3-420c-b33b-be534cd5694f","historyId":"b60a2e06e298fc3bd4e6eead03cf6678","fullName":"cucumber.api.testng.AbstractTestNGCucumberTests.feature","labels":[{"name":"package","value":"Runners.Runner"},{"name":"testClass","value":"Runners.Runner"},{"name":"testMethod","value":"feature"},{"name":"parentSuite","value":"Regression Suite"},{"name":"suite","value":"Regres"},{"name":"subSuite","value":"Runners.Runner"},{"name":"host","value":"Samis-MacBook-Pro.local"},{"name":"thread","value":"23511@Samis-MacBook-Pro.local.main(1)"},{"name":"framework","value":"testng"},{"name":"language","value":"java"}],"links":[]}